examples/build-qtsurfacetexture-Android_Qt_5_15_2_Clang_Multi_Abi-Debug/android-build/build/intermediates/manifest_merge_blame_file/debug/manifest-merger-blame-debug-report.txt
1<?xml version="1.0" encoding="utf-8"?>
2<manifest xmlns:android="http://schemas.android.com/apk/res/android"
3    package="com.kdab.android.examples.qsurfacetexture"
4    android:installLocation="auto"
5    android:versionCode="1"
6    android:versionName="1.0" >
7
8    <uses-sdk
8-->build-qtsurfacetexture-Android_Qt_5_15_2_Clang_Multi_Abi-Debug/android-build/AndroidManifest.xml:3:5-73
9        android:minSdkVersion="21"
9-->build-qtsurfacetexture-Android_Qt_5_15_2_Clang_Multi_Abi-Debug/android-build/AndroidManifest.xml:3:15-41
10        android:targetSdkVersion="28" />
10-->build-qtsurfacetexture-Android_Qt_5_15_2_Clang_Multi_Abi-Debug/android-build/AndroidManifest.xml:3:42-71
11
12    <!--
13         The following comment will be replaced upon deployment with default permissions based on the dependencies of the application.
14         Remove the comment if you do not require these default permissions.
15    -->
16    <uses-permission android:name="android.permission.INTERNET" />
16-->build-qtsurfacetexture-Android_Qt_5_15_2_Clang_Multi_Abi-Debug/android-build/AndroidManifest.xml:7:5-66
16-->build-qtsurfacetexture-Android_Qt_5_15_2_Clang_Multi_Abi-Debug/android-build/AndroidManifest.xml:7:22-64
17    <uses-permission android:name="android.permission.WRITE_EXTERNAL_STORAGE" />
17-->build-qtsurfacetexture-Android_Qt_5_15_2_Clang_Multi_Abi-Debug/android-build/AndroidManifest.xml:8:5-80
17-->build-qtsurfacetexture-Android_Qt_5_15_2_Clang_Multi_Abi-Debug/android-build/AndroidManifest.xml:8:22-78
18    <uses-permission android:name="android.permission.READ_EXTERNAL_STORAGE" />
18-->build-qtsurfacetexture-Android_Qt_5_15_2_Clang_Multi_Abi-Debug/android-build/AndroidManifest.xml:9:5-79
18-->build-qtsurfacetexture-Android_Qt_5_15_2_Clang_Multi_Abi-Debug/android-build/AndroidManifest.xml:9:22-77
19    <uses-permission android:name="android.permission.ACCESS_NETWORK_STATE" />
19-->build-qtsurfacetexture-Android_Qt_5_15_2_Clang_Multi_Abi-Debug/android-build/AndroidManifest.xml:11:5-78
19-->build-qtsurfacetexture-Android_Qt_5_15_2_Clang_Multi_Abi-Debug/android-build/AndroidManifest.xml:11:22-76
20    <uses-permission android:name="android.permission.ACCESS_FINE_LOCATION" />
20-->build-qtsurfacetexture-Android_Qt_5_15_2_Clang_Multi_Abi-Debug/android-build/AndroidManifest.xml:12:5-78
20-->build-qtsurfacetexture-Android_Qt_5_15_2_Clang_Multi_Abi-Debug/android-build/AndroidManifest.xml:12:22-76
21
22    <!--
23         The following comment will be replaced upon deployment with default features based on the dependencies of the application.
24         Remove the comment if you do not require these default features.
25    -->
26
27    <supports-screens
27-->build-qtsurfacetexture-Android_Qt_5_15_2_Clang_Multi_Abi-Debug/android-build/AndroidManifest.xml:18:5-135
28        android:anyDensity="true"
28-->build-qtsurfacetexture-Android_Qt_5_15_2_Clang_Multi_Abi-Debug/android-build/AndroidManifest.xml:18:80-105
29        android:largeScreens="true"
29-->build-qtsurfacetexture-Android_Qt_5_15_2_Clang_Multi_Abi-Debug/android-build/AndroidManifest.xml:18:23-50
30        android:normalScreens="true"
30-->build-qtsurfacetexture-Android_Qt_5_15_2_Clang_Multi_Abi-Debug/android-build/AndroidManifest.xml:18:51-79
31        android:smallScreens="true" />
31-->build-qtsurfacetexture-Android_Qt_5_15_2_Clang_Multi_Abi-Debug/android-build/AndroidManifest.xml:18:106-133
32
33    <application
33-->build-qtsurfacetexture-Android_Qt_5_15_2_Clang_Multi_Abi-Debug/android-build/AndroidManifest.xml:20:5-80:19
34        android:name="org.qtproject.qt5.android.bindings.QtApplication"
34-->build-qtsurfacetexture-Android_Qt_5_15_2_Clang_Multi_Abi-Debug/android-build/AndroidManifest.xml:20:53-116
35        android:debuggable="true"
36        android:extractNativeLibs="true"
36-->build-qtsurfacetexture-Android_Qt_5_15_2_Clang_Multi_Abi-Debug/android-build/AndroidManifest.xml:20:150-182
37        android:hardwareAccelerated="true"
37-->build-qtsurfacetexture-Android_Qt_5_15_2_Clang_Multi_Abi-Debug/android-build/AndroidManifest.xml:20:18-52
38        android:label="qtsurfacetexture" >
38-->build-qtsurfacetexture-Android_Qt_5_15_2_Clang_Multi_Abi-Debug/android-build/AndroidManifest.xml:20:117-149
39        <activity
39-->build-qtsurfacetexture-Android_Qt_5_15_2_Clang_Multi_Abi-Debug/android-build/AndroidManifest.xml:21:9-78:20
40            android:name="org.qtproject.qt5.android.bindings.QtActivity"
40-->build-qtsurfacetexture-Android_Qt_5_15_2_Clang_Multi_Abi-Debug/android-build/AndroidManifest.xml:21:189-249
41            android:configChanges="orientation|uiMode|screenLayout|screenSize|smallestScreenSize|layoutDirection|locale|fontScale|keyboard|keyboardHidden|navigation|mcc|mnc|density"
41-->build-qtsurfacetexture-Android_Qt_5_15_2_Clang_Multi_Abi-Debug/android-build/AndroidManifest.xml:21:19-188
42            android:label="qtsurfacetexture"
42-->build-qtsurfacetexture-Android_Qt_5_15_2_Clang_Multi_Abi-Debug/android-build/AndroidManifest.xml:21:250-282
43            android:launchMode="singleTop"
43-->build-qtsurfacetexture-Android_Qt_5_15_2_Clang_Multi_Abi-Debug/android-build/AndroidManifest.xml:21:325-355
44            android:screenOrientation="userLandscape" >
44-->build-qtsurfacetexture-Android_Qt_5_15_2_Clang_Multi_Abi-Debug/android-build/AndroidManifest.xml:21:283-324
45            <intent-filter>
45-->build-qtsurfacetexture-Android_Qt_5_15_2_Clang_Multi_Abi-Debug/android-build/AndroidManifest.xml:22:13-25:29
46                <action android:name="android.intent.action.MAIN" />
46-->build-qtsurfacetexture-Android_Qt_5_15_2_Clang_Multi_Abi-Debug/android-build/AndroidManifest.xml:23:17-68
46-->build-qtsurfacetexture-Android_Qt_5_15_2_Clang_Multi_Abi-Debug/android-build/AndroidManifest.xml:23:25-66
47
48                <category android:name="android.intent.category.LAUNCHER" />
48-->build-qtsurfacetexture-Android_Qt_5_15_2_Clang_Multi_Abi-Debug/android-build/AndroidManifest.xml:24:17-76
48-->build-qtsurfacetexture-Android_Qt_5_15_2_Clang_Multi_Abi-Debug/android-build/AndroidManifest.xml:24:27-74
49            </intent-filter>
50            <!-- Application arguments -->
51            <!-- meta-data android:name="android.app.arguments" android:value="arg1 arg2 arg3"/ -->
52            <!-- Application arguments -->
53            <meta-data
53-->build-qtsurfacetexture-Android_Qt_5_15_2_Clang_Multi_Abi-Debug/android-build/AndroidManifest.xml:29:13-94
54                android:name="android.app.lib_name"
54-->build-qtsurfacetexture-Android_Qt_5_15_2_Clang_Multi_Abi-Debug/android-build/AndroidManifest.xml:29:24-59
55                android:value="qtsurfacetexture" />
55-->build-qtsurfacetexture-Android_Qt_5_15_2_Clang_Multi_Abi-Debug/android-build/AndroidManifest.xml:29:60-92
56            <meta-data
56-->build-qtsurfacetexture-Android_Qt_5_15_2_Clang_Multi_Abi-Debug/android-build/AndroidManifest.xml:30:13-112
57                android:name="android.app.qt_sources_resource_id"
57-->build-qtsurfacetexture-Android_Qt_5_15_2_Clang_Multi_Abi-Debug/android-build/AndroidManifest.xml:30:24-73
58                android:resource="@array/qt_sources" />
58-->build-qtsurfacetexture-Android_Qt_5_15_2_Clang_Multi_Abi-Debug/android-build/AndroidManifest.xml:30:74-110
59            <meta-data
59-->build-qtsurfacetexture-Android_Qt_5_15_2_Clang_Multi_Abi-Debug/android-build/AndroidManifest.xml:31:13-87
60                android:name="android.app.repository"
60-->build-qtsurfacetexture-Android_Qt_5_15_2_Clang_Multi_Abi-Debug/android-build/AndroidManifest.xml:31:24-61
61                android:value="default" />
61-->build-qtsurfacetexture-Android_Qt_5_15_2_Clang_Multi_Abi-Debug/android-build/AndroidManifest.xml:31:62-85
62            <meta-data
62-->build-qtsurfacetexture-Android_Qt_5_15_2_Clang_Multi_Abi-Debug/android-build/AndroidManifest.xml:32:13-106
63                android:name="android.app.qt_libs_resource_id"
63-->build-qtsurfacetexture-Android_Qt_5_15_2_Clang_Multi_Abi-Debug/android-build/AndroidManifest.xml:32:24-70
64                android:resource="@array/qt_libs" />
64-->build-qtsurfacetexture-Android_Qt_5_15_2_Clang_Multi_Abi-Debug/android-build/AndroidManifest.xml:32:71-104
65            <meta-data
65-->build-qtsurfacetexture-Android_Qt_5_15_2_Clang_Multi_Abi-Debug/android-build/AndroidManifest.xml:33:13-116
66                android:name="android.app.bundled_libs_resource_id"
66-->build-qtsurfacetexture-Android_Qt_5_15_2_Clang_Multi_Abi-Debug/android-build/AndroidManifest.xml:33:24-75
67                android:resource="@array/bundled_libs" />
67-->build-qtsurfacetexture-Android_Qt_5_15_2_Clang_Multi_Abi-Debug/android-build/AndroidManifest.xml:33:76-114
68            <!-- Deploy Qt libs as part of package -->
69            <meta-data
69-->build-qtsurfacetexture-Android_Qt_5_15_2_Clang_Multi_Abi-Debug/android-build/AndroidManifest.xml:35:13-91
70                android:name="android.app.bundle_local_qt_libs"
70-->build-qtsurfacetexture-Android_Qt_5_15_2_Clang_Multi_Abi-Debug/android-build/AndroidManifest.xml:35:24-71
71                android:value="1" />
71-->build-qtsurfacetexture-Android_Qt_5_15_2_Clang_Multi_Abi-Debug/android-build/AndroidManifest.xml:35:72-89
72            <!-- Run with local libs -->
73            <meta-data
73-->build-qtsurfacetexture-Android_Qt_5_15_2_Clang_Multi_Abi-Debug/android-build/AndroidManifest.xml:37:13-88
74                android:name="android.app.use_local_qt_libs"
74-->build-qtsurfacetexture-Android_Qt_5_15_2_Clang_Multi_Abi-Debug/android-build/AndroidManifest.xml:37:24-68
75                android:value="1" />
75-->build-qtsurfacetexture-Android_Qt_5_15_2_Clang_Multi_Abi-Debug/android-build/AndroidManifest.xml:37:69-86
76            <meta-data
76-->build-qtsurfacetexture-Android_Qt_5_15_2_Clang_Multi_Abi-Debug/android-build/AndroidManifest.xml:38:13-100
77                android:name="android.app.libs_prefix"
77-->build-qtsurfacetexture-Android_Qt_5_15_2_Clang_Multi_Abi-Debug/android-build/AndroidManifest.xml:38:24-62
78                android:value="/data/local/tmp/qt/" />
78-->build-qtsurfacetexture-Android_Qt_5_15_2_Clang_Multi_Abi-Debug/android-build/AndroidManifest.xml:38:63-98
79            <meta-data
79-->build-qtsurfacetexture-Android_Qt_5_15_2_Clang_Multi_Abi-Debug/android-build/AndroidManifest.xml:39:13-122
80                android:name="android.app.load_local_libs_resource_id"
80-->build-qtsurfacetexture-Android_Qt_5_15_2_Clang_Multi_Abi-Debug/android-build/AndroidManifest.xml:39:24-78
81                android:resource="@array/load_local_libs" />
81-->build-qtsurfacetexture-Android_Qt_5_15_2_Clang_Multi_Abi-Debug/android-build/AndroidManifest.xml:39:79-120
82            <meta-data
82-->build-qtsurfacetexture-Android_Qt_5_15_2_Clang_Multi_Abi-Debug/android-build/AndroidManifest.xml:40:13-150
83                android:name="android.app.load_local_jars"
83-->build-qtsurfacetexture-Android_Qt_5_15_2_Clang_Multi_Abi-Debug/android-build/AndroidManifest.xml:40:24-66
84                android:value="jar/QtAndroid.jar:jar/QtAndroidExtras.jar:jar/QtAndroidBearer.jar" />
84-->build-qtsurfacetexture-Android_Qt_5_15_2_Clang_Multi_Abi-Debug/android-build/AndroidManifest.xml:40:67-148
85            <meta-data
85-->build-qtsurfacetexture-Android_Qt_5_15_2_Clang_Multi_Abi-Debug/android-build/AndroidManifest.xml:41:13-89
86                android:name="android.app.static_init_classes"
86-->build-qtsurfacetexture-Android_Qt_5_15_2_Clang_Multi_Abi-Debug/android-build/AndroidManifest.xml:41:24-70
87                android:value="" />
87-->build-qtsurfacetexture-Android_Qt_5_15_2_Clang_Multi_Abi-Debug/android-build/AndroidManifest.xml:41:71-87
88            <!-- Used to specify custom system library path to run with local system libs -->
89            <!-- <meta-data android:name="android.app.system_libs_prefix" android:value="/system/lib/"/> -->
90            <!-- Messages maps -->
91            <meta-data
91-->build-qtsurfacetexture-Android_Qt_5_15_2_Clang_Multi_Abi-Debug/android-build/AndroidManifest.xml:45:13-122
92                android:name="android.app.ministro_not_found_msg"
92-->build-qtsurfacetexture-Android_Qt_5_15_2_Clang_Multi_Abi-Debug/android-build/AndroidManifest.xml:45:71-120
93                android:value="@string/ministro_not_found_msg" />
93-->build-qtsurfacetexture-Android_Qt_5_15_2_Clang_Multi_Abi-Debug/android-build/AndroidManifest.xml:45:24-70
94            <meta-data
94-->build-qtsurfacetexture-Android_Qt_5_15_2_Clang_Multi_Abi-Debug/android-build/AndroidManifest.xml:46:13-116
95                android:name="android.app.ministro_needed_msg"
95-->build-qtsurfacetexture-Android_Qt_5_15_2_Clang_Multi_Abi-Debug/android-build/AndroidManifest.xml:46:68-114
96                android:value="@string/ministro_needed_msg" />
96-->build-qtsurfacetexture-Android_Qt_5_15_2_Clang_Multi_Abi-Debug/android-build/AndroidManifest.xml:46:24-67
97            <meta-data
97-->build-qtsurfacetexture-Android_Qt_5_15_2_Clang_Multi_Abi-Debug/android-build/AndroidManifest.xml:47:13-108
98                android:name="android.app.fatal_error_msg"
98-->build-qtsurfacetexture-Android_Qt_5_15_2_Clang_Multi_Abi-Debug/android-build/AndroidManifest.xml:47:64-106
99                android:value="@string/fatal_error_msg" />
99-->build-qtsurfacetexture-Android_Qt_5_15_2_Clang_Multi_Abi-Debug/android-build/AndroidManifest.xml:47:24-63
100            <meta-data
100-->build-qtsurfacetexture-Android_Qt_5_15_2_Clang_Multi_Abi-Debug/android-build/AndroidManifest.xml:48:13-132
101                android:name="android.app.unsupported_android_version"
101-->build-qtsurfacetexture-Android_Qt_5_15_2_Clang_Multi_Abi-Debug/android-build/AndroidManifest.xml:48:76-130
102                android:value="@string/unsupported_android_version" />
102-->build-qtsurfacetexture-Android_Qt_5_15_2_Clang_Multi_Abi-Debug/android-build/AndroidManifest.xml:48:24-75
103            <!-- Messages maps -->
104            <!-- Splash screen -->
105            <!--
106                 Orientation-specific (portrait/landscape) data is checked first. If not available for current orientation,
107                 then android.app.splash_screen_drawable. For best results, use together with splash_screen_sticky and
108                 use hideSplashScreen() with a fade-out animation from Qt Android Extras to hide the splash screen when you
109                 are done populating your window with content.
110            -->
111            <!-- meta-data android:name="android.app.splash_screen_drawable_portrait" android:resource="@drawable/logo_portrait" / -->
112            <!-- meta-data android:name="android.app.splash_screen_drawable_landscape" android:resource="@drawable/logo_landscape" / -->
113            <!-- Splash screen -->
114            <!-- Background running -->
115            <!--
116                 Warning: changing this value to true may cause unexpected crashes if the
117                          application still try to draw after
118                          "applicationStateChanged(Qt::ApplicationSuspended)"
119                          signal is sent!
120            -->
121            <meta-data
121-->build-qtsurfacetexture-Android_Qt_5_15_2_Clang_Multi_Abi-Debug/android-build/AndroidManifest.xml:63:13-93
122                android:name="android.app.background_running"
122-->build-qtsurfacetexture-Android_Qt_5_15_2_Clang_Multi_Abi-Debug/android-build/AndroidManifest.xml:63:24-69
123                android:value="false" />
123-->build-qtsurfacetexture-Android_Qt_5_15_2_Clang_Multi_Abi-Debug/android-build/AndroidManifest.xml:63:70-91
124            <!-- Background running -->
125            <!-- auto screen scale factor -->
126            <meta-data
126-->build-qtsurfacetexture-Android_Qt_5_15_2_Clang_Multi_Abi-Debug/android-build/AndroidManifest.xml:66:13-99
127                android:name="android.app.auto_screen_scale_factor"
127-->build-qtsurfacetexture-Android_Qt_5_15_2_Clang_Multi_Abi-Debug/android-build/AndroidManifest.xml:66:24-75
128                android:value="false" />
128-->build-qtsurfacetexture-Android_Qt_5_15_2_Clang_Multi_Abi-Debug/android-build/AndroidManifest.xml:66:76-97
129            <!-- auto screen scale factor -->
130            <!-- extract android style -->
131            <!--
132                 available android:values :
133                * default - In most cases this will be the same as "full", but it can also be something else if needed, e.g., for compatibility reasons
134                * full - useful QWidget & Quick Controls 1 apps
135                * minimal - useful for Quick Controls 2 apps, it is much faster than "full"
136                * none - useful for apps that don't use any of the above Qt modules
137            -->
138            <meta-data
138-->build-qtsurfacetexture-Android_Qt_5_15_2_Clang_Multi_Abi-Debug/android-build/AndroidManifest.xml:75:13-98
139                android:name="android.app.extract_android_style"
139-->build-qtsurfacetexture-Android_Qt_5_15_2_Clang_Multi_Abi-Debug/android-build/AndroidManifest.xml:75:24-72
140                android:value="minimal" />
140-->build-qtsurfacetexture-Android_Qt_5_15_2_Clang_Multi_Abi-Debug/android-build/AndroidManifest.xml:75:73-96
141            <!-- extract android style -->
142            <meta-data
142-->build-qtsurfacetexture-Android_Qt_5_15_2_Clang_Multi_Abi-Debug/android-build/AndroidManifest.xml:77:13-94
143                android:name="android.app.splash_screen_sticky"
143-->build-qtsurfacetexture-Android_Qt_5_15_2_Clang_Multi_Abi-Debug/android-build/AndroidManifest.xml:77:24-71
144                android:value="true" />
144-->build-qtsurfacetexture-Android_Qt_5_15_2_Clang_Multi_Abi-Debug/android-build/AndroidManifest.xml:77:72-92
145        </activity>
146        <!-- For adding service(s) please check: https://wiki.qt.io/AndroidServices -->
147    </application>
148
149</manifest>